TN:
SF:src/services/constructorBurger/burgerSlices.ts
FN:21,reducer
FN:30,prepare
FN:36,removeIngredient
FN:45,clearBurgerConstructor
FN:50,changeIngredientsOrder
FN:59,getIngredientsSelector
FNF:6
FNH:4
FNDA:2,reducer
FNDA:2,prepare
FNDA:0,removeIngredient
FNDA:1,clearBurgerConstructor
FNDA:2,changeIngredientsOrder
FNDA:0,getIngredientsSelector
DA:1,1
DA:2,1
DA:3,1
DA:4,1
DA:5,1
DA:6,1
DA:7,1
DA:8,1
DA:9,1
DA:10,1
DA:11,1
DA:12,1
DA:13,1
DA:14,1
DA:15,1
DA:16,1
DA:17,1
DA:18,1
DA:19,1
DA:20,1
DA:21,1
DA:22,2
DA:23,2
DA:24,1
DA:25,1
DA:26,1
DA:27,1
DA:28,1
DA:29,1
DA:30,1
DA:31,2
DA:32,2
DA:33,2
DA:34,1
DA:35,1
DA:36,1
DA:37,0
DA:38,0
DA:39,0
DA:40,0
DA:41,0
DA:42,0
DA:43,1
DA:44,1
DA:45,1
DA:46,1
DA:47,1
DA:48,1
DA:49,1
DA:50,1
DA:51,2
DA:52,2
DA:53,2
DA:54,2
DA:55,2
DA:56,1
DA:57,1
DA:58,1
DA:59,1
DA:60,1
DA:61,1
DA:62,1
DA:63,1
DA:64,1
DA:65,1
DA:66,1
DA:67,1
DA:68,1
DA:69,1
DA:70,1
DA:71,1
DA:72,1
DA:73,1
LF:73
LH:67
BRDA:21,0,0,2
BRDA:23,1,0,1
BRDA:30,2,0,2
BRDA:45,3,0,1
BRDA:50,4,0,2
BRF:5
BRH:5
end_of_record
